20160113 00:51:22===================EtlMaskCode Running ....=================
20160113 00:51:22==載入config.json ....
20160113 00:51:22==載入DBconnection.INI ....
20160113 00:51:22===============================================
20160113 00:51:22==sid:wmsDB2wmsDB
20160113 00:51:22==idb:wmsDB
20160113 00:51:22==odb:wmsDB
20160113 00:51:22==chooseDB:D:/application/GitHome/git/CrPro/WebContent/properites/makecode/wmsDB2wmsDB.INI
20160113 00:51:22==isRun:Y
20160113 00:51:22==Query From Table:wms.CUSTOMERS
20160113 00:51:22==Insert To Table:wms.CUSTOMERS2
20160113 00:51:22==fields mask Type C :'CUS_ENAME','CUS_NAME'
20160113 00:51:22==fields mask Type E :'CUS_CODE'
20160113 00:53:39==sql: select * from wms.CUSTOMERS
20160113 00:53:40==wms.CUSTOMERS2's writting :5000
20160113 00:53:40==wms.CUSTOMERS2's writting :10000
20160113 00:53:41==wms.CUSTOMERS2's writting :15000
20160113 00:53:42==wms.CUSTOMERS2's writting :20000
20160113 00:53:42==wms.CUSTOMERS2's writting :25000
20160113 00:53:43==wms.CUSTOMERS2's writting :30000
20160113 00:53:44==wms.CUSTOMERS2's writting :35000
20160113 00:53:44==wms.CUSTOMERS2's writting :40000
20160113 00:53:45==wms.CUSTOMERS2's writting :45000
20160113 00:53:46==wms.CUSTOMERS2's writting :50000
20160113 00:53:46==wms.CUSTOMERS2's writting :55000
20160113 00:53:47==wms.CUSTOMERS2's writting :60000
20160113 00:53:48==wms.CUSTOMERS2's writting :65000
20160113 00:53:48==wms.CUSTOMERS2's writting :70000
20160113 00:53:49==wms.CUSTOMERS2's writting :75000
20160113 00:53:50==wms.CUSTOMERS2's writting :80000
20160113 00:53:51==wms.CUSTOMERS2's writting :85000
20160113 00:53:52==wms.CUSTOMERS2's writting :90000
20160113 00:53:53==wms.CUSTOMERS2's writting :95000
20160113 00:53:53==wms.CUSTOMERS2's writting :100000
20160113 00:53:54==wms.CUSTOMERS2's writting :105000
20160113 00:53:54==wms.CUSTOMERS2's writting :110000
20160113 00:53:55==wms.CUSTOMERS2's writting :115000
20160113 00:53:56==wms.CUSTOMERS2's writting :120000
20160113 00:53:56==wms.CUSTOMERS2's writting :125000
20160113 00:53:57==wms.CUSTOMERS2's writting :130000
20160113 00:53:58==wms.CUSTOMERS2's writting :135000
20160113 00:53:58==wms.CUSTOMERS2's writting :140000
20160113 00:53:59==wms.CUSTOMERS2's writting :145000
20160113 00:54:00==wms.CUSTOMERS2's writting :150000
20160113 00:54:00==wms.CUSTOMERS2's writting :155000
20160113 00:54:01==wms.CUSTOMERS2's writting :160000
20160113 00:54:02==wms.CUSTOMERS2's writting :165000
20160113 00:54:02==wms.CUSTOMERS2's writting :170000
20160113 00:54:03==wms.CUSTOMERS2's writting :175000
20160113 00:54:04==wms.CUSTOMERS2's writting :180000
20160113 00:54:04==wms.CUSTOMERS2's writting :185000
20160113 00:54:05==wms.CUSTOMERS2's writting :190000
20160113 00:54:06==wms.CUSTOMERS2's writting :195000
20160113 00:54:06==wms.CUSTOMERS2's writting :200000
20160113 00:54:07==wms.CUSTOMERS2's writting :205000
20160113 00:54:08==wms.CUSTOMERS2's writting :210000
20160113 00:54:09==wms.CUSTOMERS2's writting :215000
20160113 00:54:09==wms.CUSTOMERS2's writting :220000
20160113 00:54:10==wms.CUSTOMERS2's writting :225000
20160113 00:54:11==wms.CUSTOMERS2's writting :230000
20160113 00:54:11==wms.CUSTOMERS2's writting :235000
20160113 00:54:12==wms.CUSTOMERS2's writting :240000
20160113 00:54:13==wms.CUSTOMERS2's writting :245000
20160113 00:54:14==wms.CUSTOMERS2's writting :250000
20160113 00:54:15==wms.CUSTOMERS2's writting :255000
20160113 00:54:16==wms.CUSTOMERS2's writting :260000
20160113 00:54:17==wms.CUSTOMERS2's writting :265000
20160113 00:54:18==wms.CUSTOMERS2's writting :270000
20160113 00:54:19==wms.CUSTOMERS2's writting :275000
20160113 00:54:19==wms.CUSTOMERS2's writting :280000
20160113 00:54:20==wms.CUSTOMERS2's writting :285000
20160113 00:54:21==wms.CUSTOMERS2's writting :290000
20160113 00:54:21==wms.CUSTOMERS2's writting :295000
20160113 00:54:22==wms.CUSTOMERS2's writting :300000
20160113 00:54:22==wms.CUSTOMERS2's writting :305000
20160113 00:54:23==wms.CUSTOMERS2's writting :310000
20160113 00:54:24==wms.CUSTOMERS2's writting :315000
20160113 00:54:24==wms.CUSTOMERS2's writting :320000
20160113 00:54:25==wms.CUSTOMERS2's writting :325000
20160113 00:54:26==wms.CUSTOMERS2's writting :330000
20160113 00:54:26==wms.CUSTOMERS2's writting :335000
20160113 00:54:27==wms.CUSTOMERS2's writting :340000
20160113 00:54:28==wms.CUSTOMERS2's writting :345000
20160113 00:54:28==wms.CUSTOMERS2's writting :350000
20160113 00:54:29==wms.CUSTOMERS2's writting :355000
20160113 00:54:30==wms.CUSTOMERS2's writting :360000
20160113 00:54:30==wms.CUSTOMERS2's writting :365000
20160113 00:54:31==wms.CUSTOMERS2's writting :370000
20160113 00:54:31==wms.CUSTOMERS2's writting :375000
20160113 00:54:32==wms.CUSTOMERS2's writting :380000
20160113 00:54:33==wms.CUSTOMERS2's writting :385000
20160113 00:54:33==wms.CUSTOMERS2's writting :390000
20160113 00:54:34==wms.CUSTOMERS2's writting :395000
20160113 00:54:35==wms.CUSTOMERS2's writting :400000
20160113 00:54:35==wms.CUSTOMERS2's writting :405000
20160113 00:54:36==wms.CUSTOMERS2's writting :410000
20160113 00:54:37==wms.CUSTOMERS2's writting :415000
20160113 00:54:37==wms.CUSTOMERS2's writting :420000
20160113 00:54:38==wms.CUSTOMERS2's writting :425000
20160113 00:54:38==wms.CUSTOMERS2's writting :430000
20160113 00:54:39==wms.CUSTOMERS2's writting :435000
20160113 00:54:40==wms.CUSTOMERS2's writting :440000
20160113 00:54:40==wms.CUSTOMERS2's writting :445000
20160113 00:54:41==wms.CUSTOMERS2's writting :450000
20160113 00:54:42==wms.CUSTOMERS2's writting :455000
20160113 00:54:42==wms.CUSTOMERS2's writting :460000
20160113 00:54:43==wms.CUSTOMERS2's writting :465000
20160113 00:54:44==wms.CUSTOMERS2's writting :470000
20160113 00:54:44==wms.CUSTOMERS2's writting :475000
20160113 00:54:45==wms.CUSTOMERS2's writting :480000
20160113 00:54:45==wms.CUSTOMERS2's writting :485000
20160113 00:54:46==wms.CUSTOMERS2's writting :490000
20160113 00:54:47==wms.CUSTOMERS2's writting :495000
20160113 00:54:47==wms.CUSTOMERS2's writting :500000
20160113 00:54:48==wms.CUSTOMERS2's writting :505000
20160113 00:54:49==wms.CUSTOMERS2's writting :510000
20160113 00:54:49==wms.CUSTOMERS2's writting :515000
20160113 00:54:50==wms.CUSTOMERS2's writting :520000
20160113 00:54:51==wms.CUSTOMERS2's writting :525000
20160113 00:54:51==wms.CUSTOMERS2's writting :530000
20160113 00:54:52==wms.CUSTOMERS2's writting :535000
20160113 00:54:52==wms.CUSTOMERS2's writting :540000
20160113 00:54:53==wms.CUSTOMERS2's writting :545000
20160113 00:54:54==wms.CUSTOMERS2's writting :550000
20160113 00:54:54==wms.CUSTOMERS2's writting :555000
20160113 00:54:55==wms.CUSTOMERS2's writting :560000
20160113 00:54:56==wms.CUSTOMERS2's writting :565000
20160113 00:54:56==wms.CUSTOMERS2's writting :570000
20160113 00:54:57==wms.CUSTOMERS2's writting :575000
20160113 00:54:58==wms.CUSTOMERS2's writting :580000
20160113 00:54:58==wms.CUSTOMERS2's writting :585000
20160113 00:54:59==wms.CUSTOMERS2's writting :590000
20160113 00:55:00==wms.CUSTOMERS2's writting :595000
20160113 00:55:00==wms.CUSTOMERS2's writting :600000
20160113 00:55:01==wms.CUSTOMERS2's writting :605000
20160113 00:55:01==wms.CUSTOMERS2's writting :610000
20160113 00:55:02==wms.CUSTOMERS2's writting :615000
20160113 00:55:03==wms.CUSTOMERS2's writting :620000
20160113 00:55:04==wms.CUSTOMERS2's writting :625000
20160113 00:55:04==wms.CUSTOMERS2's writting :630000
20160113 00:55:05==wms.CUSTOMERS2's writting :635000
20160113 00:55:06==wms.CUSTOMERS2's writting :640000
20160113 00:55:06==wms.CUSTOMERS2's writting :645000
20160113 00:55:07==wms.CUSTOMERS2's writting :650000
20160113 00:55:07==wms.CUSTOMERS2's writting :655000
20160113 00:55:08==wms.CUSTOMERS2's writting :660000
20160113 00:55:09==wms.CUSTOMERS2's writting :665000
20160113 00:55:09==wms.CUSTOMERS2's writting :670000
20160113 00:55:10==wms.CUSTOMERS2's writting :675000
20160113 00:55:11==wms.CUSTOMERS2's writting :680000
20160113 00:55:11==wms.CUSTOMERS2's writting :685000
20160113 00:55:12==wms.CUSTOMERS2's writting :690000
20160113 00:55:13==wms.CUSTOMERS2's writting :695000
20160113 00:55:13==wms.CUSTOMERS2's writting :700000
20160113 00:55:14==wms.CUSTOMERS2's writting :705000
20160113 00:55:15==wms.CUSTOMERS2's writting :710000
20160113 00:55:15==wms.CUSTOMERS2's writting :715000
20160113 00:55:16==wms.CUSTOMERS2's writting :720000
20160113 00:55:16==wms.CUSTOMERS2's writting :725000
20160113 00:55:17==wms.CUSTOMERS2's writting :730000
20160113 00:55:18==wms.CUSTOMERS2's writting :735000
20160113 00:55:18==wms.CUSTOMERS2's writting :740000
20160113 00:55:19==wms.CUSTOMERS2's writting :745000
20160113 00:55:20==wms.CUSTOMERS2's writting :750000
20160113 00:55:21==wms.CUSTOMERS2's writting :755000
20160113 00:55:21==wms.CUSTOMERS2's writting :760000
20160113 00:55:22==wms.CUSTOMERS2's writting :765000
20160113 00:55:22==wms.CUSTOMERS2's writting :770000
20160113 00:55:23==wms.CUSTOMERS2's writting :775000
20160113 00:55:24==wms.CUSTOMERS2's writting :780000
20160113 00:55:24==wms.CUSTOMERS2's writting :785000
20160113 00:55:25==wms.CUSTOMERS2's writting :790000
20160113 00:55:26==wms.CUSTOMERS2's writting :795000
20160113 00:55:26==wms.CUSTOMERS2's writting :800000
20160113 00:55:27==wms.CUSTOMERS2's writting :805000
20160113 00:55:28==wms.CUSTOMERS2's writting :810000
20160113 00:55:28==wms.CUSTOMERS2's writting :815000
20160113 00:55:29==wms.CUSTOMERS2's writting :820000
20160113 00:55:29==wms.CUSTOMERS2's writting :825000
20160113 00:55:30==wms.CUSTOMERS2's writting :830000
20160113 00:55:31==wms.CUSTOMERS2's writting :835000
20160113 00:55:31==wms.CUSTOMERS2's writting :840000
20160113 00:55:32==wms.CUSTOMERS2's writting :845000
20160113 00:55:33==wms.CUSTOMERS2's writting :850000
20160113 00:55:33==wms.CUSTOMERS2's writting :855000
20160113 00:55:34==wms.CUSTOMERS2's writting :860000
20160113 00:55:34==wms.CUSTOMERS2's writting :865000
20160113 00:55:35==wms.CUSTOMERS2's writting :870000
20160113 00:55:36==wms.CUSTOMERS2's writting :875000
20160113 00:55:36==wms.CUSTOMERS2's writting :880000
20160113 00:55:37==wms.CUSTOMERS2's writting :885000
20160113 00:55:38==wms.CUSTOMERS2's writting :890000
20160113 00:55:38==wms.CUSTOMERS2's writting :895000
20160113 00:55:39==wms.CUSTOMERS2's writting :900000
20160113 00:55:40==wms.CUSTOMERS2's writting :905000
20160113 00:55:40==wms.CUSTOMERS2's writting :910000
20160113 00:55:41==wms.CUSTOMERS2's writting :915000
20160113 00:55:41==wms.CUSTOMERS2's writting :920000
20160113 00:55:42==wms.CUSTOMERS2's writting :925000
20160113 00:55:43==wms.CUSTOMERS2's writting :930000
20160113 00:55:43==wms.CUSTOMERS2's writting :935000
20160113 00:55:44==wms.CUSTOMERS2's writting :940000
20160113 00:55:45==wms.CUSTOMERS2's writting :945000
20160113 00:55:45==wms.CUSTOMERS2's writting :950000
20160113 00:55:46==wms.CUSTOMERS2's writting :955000
20160113 00:55:46==wms.CUSTOMERS2's writting :960000
20160113 00:55:47==wms.CUSTOMERS2's writting :965000
20160113 00:55:48==wms.CUSTOMERS2's writting :970000
20160113 00:55:48==wms.CUSTOMERS2's writting :975000
20160113 00:55:49==wms.CUSTOMERS2's writting :980000
20160113 00:55:50==wms.CUSTOMERS2's writting :985000
20160113 00:55:50==wms.CUSTOMERS2's writting :990000
20160113 00:55:51==wms.CUSTOMERS2's writting :995000
20160113 00:55:51==wms.CUSTOMERS2's writting :1000000
20160113 00:55:52==wms.CUSTOMERS2's writting :1005000
20160113 00:55:53==wms.CUSTOMERS2's writting :1010000
20160113 00:55:53==wms.CUSTOMERS2's writting :1015000
20160113 00:55:54==wms.CUSTOMERS2's writting :1020000
20160113 00:55:55==wms.CUSTOMERS2's writting :1025000
20160113 00:55:55==wms.CUSTOMERS2's writting :1030000
20160113 00:55:56==wms.CUSTOMERS2's writting :1035000
20160113 00:55:57==wms.CUSTOMERS2's writting :1040000
20160113 00:55:57==wms.CUSTOMERS2's writting :1045000
20160113 00:55:58==wms.CUSTOMERS2's writting :1050000
20160113 00:55:58==wms.CUSTOMERS2's writting :1055000
20160113 00:55:59==wms.CUSTOMERS2's writting :1060000
20160113 00:56:00==wms.CUSTOMERS2's writting :1065000
20160113 00:56:00==wms.CUSTOMERS2's writting :1070000
20160113 00:56:01==wms.CUSTOMERS2's writting :1075000
20160113 00:56:02==wms.CUSTOMERS2's writting :1080000
20160113 00:56:02==wms.CUSTOMERS2's writting :1085000
20160113 00:56:03==wms.CUSTOMERS2's writting :1090000
20160113 00:56:03==wms.CUSTOMERS2's writting :1095000
20160113 00:56:04==wms.CUSTOMERS2's writting :1100000
20160113 00:56:05==wms.CUSTOMERS2's writting :1105000
20160113 00:56:05==wms.CUSTOMERS2's writting :1110000
20160113 00:56:06==wms.CUSTOMERS2's writting :1115000
20160113 00:56:07==wms.CUSTOMERS2's writting :1120000
20160113 00:56:07==wms.CUSTOMERS2's writting :1125000
20160113 00:56:08==wms.CUSTOMERS2's writting :1130000
20160113 00:56:09==wms.CUSTOMERS2's writting :1135000
20160113 00:56:09==wms.CUSTOMERS2's writting :1140000
20160113 00:56:10==wms.CUSTOMERS2's writting :1145000
20160113 00:56:10==wms.CUSTOMERS2's writting :1150000
20160113 00:56:11==wms.CUSTOMERS2's writting :1155000
20160113 00:56:12==wms.CUSTOMERS2's writting :1160000
20160113 00:56:12==wms.CUSTOMERS2's writting :1165000
20160113 00:56:13==wms.CUSTOMERS2's writting :1170000
20160113 00:56:14==wms.CUSTOMERS2's writting :1175000
20160113 00:56:14==wms.CUSTOMERS2's writting :1180000
20160113 00:56:15==wms.CUSTOMERS2's writting :1185000
20160113 00:56:16==wms.CUSTOMERS2's writting :1190000
20160113 00:56:16==wms.CUSTOMERS2's writting :1195000
20160113 00:56:17==wms.CUSTOMERS2's writting :1200000
20160113 00:56:17==wms.CUSTOMERS2's writting :1205000
20160113 00:56:18==wms.CUSTOMERS2's writting :1210000
20160113 00:56:19==wms.CUSTOMERS2's writting :1215000
20160113 00:56:19==wms.CUSTOMERS2's writting :1220000
20160113 00:56:20==wms.CUSTOMERS2's writting :1225000
20160113 00:56:21==wms.CUSTOMERS2's writting :1230000
20160113 00:56:21==wms.CUSTOMERS2's writting :1235000
20160113 00:56:22==wms.CUSTOMERS2's writting :1240000
20160113 00:56:23==wms.CUSTOMERS2's writting :1245000
20160113 00:56:23==wms.CUSTOMERS2's writting :1250000
20160113 00:56:24==wms.CUSTOMERS2's writting :1255000
20160113 00:56:24==wms.CUSTOMERS2's writting :1260000
20160113 00:56:25==wms.CUSTOMERS2's writting :1265000
20160113 00:56:26==wms.CUSTOMERS2's writting :1270000
20160113 00:56:26==wms.CUSTOMERS2's writting :1275000
20160113 00:56:27==wms.CUSTOMERS2's writting :1280000
20160113 00:56:28==wms.CUSTOMERS2's writting :1285000
20160113 00:56:28==wms.CUSTOMERS2's writting :1290000
20160113 00:56:29==wms.CUSTOMERS2's writting :1295000
20160113 00:56:30==wms.CUSTOMERS2's writting :1300000
20160113 00:56:30==wms.CUSTOMERS2's writting :1305000
20160113 00:56:31==wms.CUSTOMERS2's writting :1310000
20160113 00:56:32==wms.CUSTOMERS2's writting :1315000
20160113 00:56:32==wms.CUSTOMERS2's writting :1320000
20160113 00:56:33==wms.CUSTOMERS2's writting :1325000
20160113 00:56:33==wms.CUSTOMERS2's writting :1330000
20160113 00:56:34==wms.CUSTOMERS2's writting :1335000
20160113 00:56:35==wms.CUSTOMERS2's writting :1340000
20160113 00:56:35==wms.CUSTOMERS2's writting :1345000
20160113 00:56:36==wms.CUSTOMERS2's writting :1350000
20160113 00:56:37==wms.CUSTOMERS2's writting :1355000
20160113 00:56:37==wms.CUSTOMERS2's writting :1360000
20160113 00:56:38==wms.CUSTOMERS2's writting :1365000
20160113 00:56:38==wms.CUSTOMERS2's writting :1370000
20160113 00:56:39==wms.CUSTOMERS2's writting :1375000
20160113 00:56:40==wms.CUSTOMERS2's writting :1380000
20160113 00:56:40==wms.CUSTOMERS2's writting :1385000
20160113 00:56:41==wms.CUSTOMERS2's writting :1390000
20160113 00:56:42==wms.CUSTOMERS2's writting :1395000
20160113 00:56:42==wms.CUSTOMERS2's writting :1400000
20160113 00:56:43==wms.CUSTOMERS2's writting :1405000
20160113 00:56:44==wms.CUSTOMERS2's writting :1410000
20160113 00:56:44==wms.CUSTOMERS2's writting :1415000
20160113 00:56:45==wms.CUSTOMERS2's writting :1420000
20160113 00:56:45==wms.CUSTOMERS2's writting :1425000
20160113 00:56:46==wms.CUSTOMERS2's writting :1430000
20160113 00:56:47==wms.CUSTOMERS2's writting :1435000
20160113 00:56:47==wms.CUSTOMERS2's writting :1440000
20160113 00:56:48==wms.CUSTOMERS2's writting :1445000
20160113 00:56:49==wms.CUSTOMERS2's writting :1450000
20160113 00:56:49==wms.CUSTOMERS2's writting :1455000
20160113 00:56:50==wms.CUSTOMERS2's writting :1460000
20160113 00:56:51==wms.CUSTOMERS2's writting :1465000
20160113 00:56:51==wms.CUSTOMERS2's writting :1470000
20160113 00:56:52==wms.CUSTOMERS2's writting :1475000
20160113 00:56:53==wms.CUSTOMERS2's writting :1480000
20160113 00:56:53==wms.CUSTOMERS2's writting :1485000
20160113 00:56:54==wms.CUSTOMERS2's writting :1490000
20160113 00:56:55==wms.CUSTOMERS2's writting :1495000
20160113 00:56:55==wms.CUSTOMERS2's writting :1500000
20160113 00:56:56==wms.CUSTOMERS2's writting :1505000
20160113 00:56:57==wms.CUSTOMERS2's writting :1510000
20160113 00:56:57==wms.CUSTOMERS2's writting :1515000
20160113 00:56:58==wms.CUSTOMERS2's writting :1520000
20160113 00:56:58==wms.CUSTOMERS2's writting :1525000
20160113 00:56:59==wms.CUSTOMERS2's writting :1530000
20160113 00:57:00==wms.CUSTOMERS2's writting :1535000
20160113 00:57:00==wms.CUSTOMERS2's writting :1540000
20160113 00:57:01==wms.CUSTOMERS2's writting :1545000
20160113 00:57:02==wms.CUSTOMERS2's writting :1550000
20160113 00:57:02==wms.CUSTOMERS2's writting :1555000
20160113 00:57:03==wms.CUSTOMERS2's writting :1560000
20160113 00:57:04==wms.CUSTOMERS2's writting :1565000
20160113 00:57:04==wms.CUSTOMERS2's writting :1570000
20160113 00:57:05==wms.CUSTOMERS2's writting :1575000
20160113 00:57:05==wms.CUSTOMERS2's writting :1580000
20160113 00:57:06==wms.CUSTOMERS2's writting :1585000
20160113 00:57:07==wms.CUSTOMERS2's writting :1590000
20160113 00:57:07==wms.CUSTOMERS2's writting :1595000
20160113 00:57:08==wms.CUSTOMERS2's writting :1600000
20160113 00:57:09==wms.CUSTOMERS2's writting :1605000
20160113 00:57:09==wms.CUSTOMERS2's writting :1610000
20160113 00:57:10==wms.CUSTOMERS2's writting :1615000
20160113 00:57:11==wms.CUSTOMERS2's writting :1620000
20160113 00:57:11==wms.CUSTOMERS2's writting :1625000
20160113 00:57:12==wms.CUSTOMERS2's writting :1630000
20160113 00:57:12==wms.CUSTOMERS2's writting :1635000
20160113 00:57:13==wms.CUSTOMERS2's writting :1640000
20160113 00:57:14==wms.CUSTOMERS2's writting :1645000
20160113 00:57:14==wms.CUSTOMERS2's writting :1650000
20160113 00:57:15==wms.CUSTOMERS2's writting :1655000
20160113 00:57:16==wms.CUSTOMERS2's writting :1660000
20160113 00:57:16==wms.CUSTOMERS2's writting :1665000
20160113 00:57:17==wms.CUSTOMERS2's writting :1670000
20160113 00:57:17==wms.CUSTOMERS2's writting :1675000
20160113 00:57:18==wms.CUSTOMERS2's writting :1680000
20160113 00:57:19==wms.CUSTOMERS2's writting :1685000
20160113 00:57:19==wms.CUSTOMERS2's writting :1690000
20160113 00:57:20==wms.CUSTOMERS2's writting :1695000
20160113 00:57:21==wms.CUSTOMERS2's writting :1700000
20160113 00:57:21==wms.CUSTOMERS2's writting :1705000
20160113 00:57:22==wms.CUSTOMERS2's writting :1710000
20160113 00:57:23==wms.CUSTOMERS2's writting :1715000
20160113 00:57:23==wms.CUSTOMERS2's writting :1720000
20160113 00:57:24==wms.CUSTOMERS2's writting :1725000
20160113 00:57:24==wms.CUSTOMERS2's writting :1730000
20160113 00:57:25==wms.CUSTOMERS2's writting :1735000
20160113 00:57:26==wms.CUSTOMERS2's writting :1740000
20160113 00:57:26==wms.CUSTOMERS2's writting :1745000
20160113 00:57:27==wms.CUSTOMERS2's writting :1750000
20160113 00:57:28==wms.CUSTOMERS2's writting :1755000
20160113 00:57:28==wms.CUSTOMERS2's writting :1760000
20160113 00:57:29==wms.CUSTOMERS2's writting :1765000
20160113 00:57:30==wms.CUSTOMERS2's writting :1770000
20160113 00:57:30==wms.CUSTOMERS2's writting :1775000
20160113 00:57:31==wms.CUSTOMERS2's writting :1780000
20160113 00:57:31==wms.CUSTOMERS2's writting :1785000
20160113 00:57:32==wms.CUSTOMERS2's writting :1790000
20160113 00:57:33==wms.CUSTOMERS2's writting :1795000
20160113 00:57:33==wms.CUSTOMERS2's writting :1800000
20160113 00:57:34==wms.CUSTOMERS2's writting :1805000
20160113 00:57:35==wms.CUSTOMERS2's writting :1810000
20160113 00:57:35==wms.CUSTOMERS2's writting :1815000
20160113 00:57:36==wms.CUSTOMERS2's writting :1820000
20160113 00:57:37==wms.CUSTOMERS2's writting :1825000
20160113 00:57:37==wms.CUSTOMERS2's writting :1830000
20160113 00:57:38==wms.CUSTOMERS2's writting :1835000
20160113 00:57:39==wms.CUSTOMERS2's writting :1840000
20160113 00:57:40==wms.CUSTOMERS2's writting :1845000
20160113 00:57:40==wms.CUSTOMERS2's writting :1850000
20160113 00:57:41==wms.CUSTOMERS2's writting :1855000
20160113 00:57:41==wms.CUSTOMERS2's writting :1860000
20160113 00:57:42==wms.CUSTOMERS2's writting :1865000
20160113 00:57:43==wms.CUSTOMERS2's writting :1870000
20160113 00:57:43==wms.CUSTOMERS2's writting :1875000
20160113 00:57:44==wms.CUSTOMERS2's writting :1880000
20160113 00:57:45==wms.CUSTOMERS2's writting :1885000
20160113 00:57:45==wms.CUSTOMERS2's writting :1890000
20160113 00:57:46==wms.CUSTOMERS2's writting :1895000
20160113 00:57:46==wms.CUSTOMERS2's writting :1900000
20160113 00:57:47==wms.CUSTOMERS2's writting :1905000
20160113 00:57:48==wms.CUSTOMERS2's writting :1910000
20160113 00:57:48==wms.CUSTOMERS2's writting :1915000
20160113 00:57:49==wms.CUSTOMERS2's writting :1920000
20160113 00:57:50==wms.CUSTOMERS2's writting :1925000
20160113 00:57:50==wms.CUSTOMERS2's writting :1930000
20160113 00:57:51==wms.CUSTOMERS2's writting :1935000
20160113 00:57:52==wms.CUSTOMERS2's writting :1940000
20160113 00:57:52==wms.CUSTOMERS2's writting :1945000
20160113 00:57:53==wms.CUSTOMERS2's writting :1950000
20160113 00:57:53==wms.CUSTOMERS2's writting :1955000
20160113 00:57:54==wms.CUSTOMERS2's writting :1960000
20160113 00:57:55==wms.CUSTOMERS2's writting :1965000
20160113 00:57:55==wms.CUSTOMERS2's writting :1970000
20160113 00:57:56==wms.CUSTOMERS2's writting :1975000
20160113 00:57:57==wms.CUSTOMERS2's writting :1980000
20160113 00:57:57==wms.CUSTOMERS2's writting :1985000
20160113 00:57:58==wms.CUSTOMERS2's writting :1990000
20160113 00:57:58==wms.CUSTOMERS2's writting :1995000
20160113 00:57:59==wms.CUSTOMERS2's writting :2000000
20160113 00:58:00==wms.CUSTOMERS2's writting :2005000
20160113 00:58:00==wms.CUSTOMERS2's writting :2010000
20160113 00:58:01==wms.CUSTOMERS2's writting :2015000
20160113 00:58:02==wms.CUSTOMERS2's writting :2020000
20160113 00:58:02==wms.CUSTOMERS2's writting :2025000
20160113 00:58:03==wms.CUSTOMERS2's writting :2030000
20160113 00:58:04==wms.CUSTOMERS2's writting :2035000
20160113 00:58:04==wms.CUSTOMERS2's writting :2040000
20160113 00:58:05==wms.CUSTOMERS2's writting :2045000
20160113 00:58:06==wms.CUSTOMERS2's writting :2050000
20160113 00:58:06==wms.CUSTOMERS2's writting :2055000
20160113 00:58:07==wms.CUSTOMERS2's writting :2060000
20160113 00:58:08==wms.CUSTOMERS2's writting :2065000
20160113 00:58:08==wms.CUSTOMERS2's writting :2070000
20160113 00:58:09==wms.CUSTOMERS2's writting :2075000
20160113 00:58:09==wms.CUSTOMERS2's writting :2080000
20160113 00:58:10==wms.CUSTOMERS2's writting :2085000
20160113 00:58:11==wms.CUSTOMERS2's writting :2090000
20160113 00:58:11==wms.CUSTOMERS2's writting :2095000
20160113 00:58:12==wms.CUSTOMERS2's writting :2100000
20160113 00:58:13==wms.CUSTOMERS2's writting :2105000
20160113 00:58:13==wms.CUSTOMERS2's writting :2110000
20160113 00:58:14==wms.CUSTOMERS2's writting :2115000
20160113 00:58:14==wms.CUSTOMERS2's writting :2120000
20160113 00:58:15==wms.CUSTOMERS2's writting :2125000
20160113 00:58:16==wms.CUSTOMERS2's writting :2130000
20160113 00:58:16==wms.CUSTOMERS2's writting :2135000
20160113 00:58:17==wms.CUSTOMERS2's writting :2140000
20160113 00:58:18==wms.CUSTOMERS2's writting :2145000
20160113 00:58:18==wms.CUSTOMERS2's writting :2150000
20160113 00:58:19==wms.CUSTOMERS2's writting :2155000
20160113 00:58:20==wms.CUSTOMERS2's writting :2160000
20160113 00:58:20==wms.CUSTOMERS2's writting :2165000
20160113 00:58:21==wms.CUSTOMERS2's writting :2170000
20160113 00:58:21==wms.CUSTOMERS2's writting :2175000
20160113 00:58:22==wms.CUSTOMERS2's writting :2180000
20160113 00:58:23==wms.CUSTOMERS2's writting :2185000
20160113 00:58:23==wms.CUSTOMERS2's writting :2190000
20160113 00:58:24==wms.CUSTOMERS2's writting :2195000
20160113 00:58:25==wms.CUSTOMERS2's writting :2200000
20160113 00:58:25==wms.CUSTOMERS2's writting :2205000
20160113 00:58:26==wms.CUSTOMERS2's writting :2210000
20160113 00:58:26==wms.CUSTOMERS2's writting :2215000
20160113 00:58:27==wms.CUSTOMERS2's writting :2220000
20160113 00:58:28==wms.CUSTOMERS2's writting :2225000
20160113 00:58:28==wms.CUSTOMERS2's writting :2230000
20160113 00:58:29==wms.CUSTOMERS2's writting :2235000
20160113 00:58:30==wms.CUSTOMERS2's writting :2240000
20160113 00:58:30==wms.CUSTOMERS2's writting :2245000
20160113 00:58:31==wms.CUSTOMERS2's writting :2250000
20160113 00:58:32==wms.CUSTOMERS2's writting :2255000
20160113 00:58:32==wms.CUSTOMERS2's writting :2260000
20160113 00:58:33==wms.CUSTOMERS2's writting :2265000
20160113 00:58:34==wms.CUSTOMERS2's writting :2270000
20160113 00:58:34==wms.CUSTOMERS2's writting :2275000
20160113 00:58:35==wms.CUSTOMERS2's writting :2280000
20160113 00:58:35==wms.CUSTOMERS2's writting :2285000
20160113 00:58:36==wms.CUSTOMERS2's writting :2290000
20160113 00:58:37==wms.CUSTOMERS2's writting :2295000
20160113 00:58:37==wms.CUSTOMERS2's writting :2300000
20160113 00:58:38==wms.CUSTOMERS2's writting :2305000
20160113 00:58:39==wms.CUSTOMERS2's writting :2310000
20160113 00:58:39==wms.CUSTOMERS2's writting :2315000
20160113 00:58:40==wms.CUSTOMERS2's writting :2320000
20160113 00:58:41==wms.CUSTOMERS2's writting :2325000
20160113 00:58:41==wms.CUSTOMERS2's writting :2330000
20160113 00:58:42==wms.CUSTOMERS2's writting :2335000
20160113 00:58:42==wms.CUSTOMERS2's writting :2340000
20160113 00:58:43==wms.CUSTOMERS2's writting :2343643
20160113 00:58:43==wms.CUSTOMERS 轉檔至 wms.CUSTOMERS2 結束
20160113 01:56:54===================EtlMaskCode Running ....=================
20160113 01:56:54==載入config.json ....
20160113 01:56:55==載入DBconnection.INI ....
20160113 01:56:55===============================================
20160113 01:56:55==sid:wmsDB2wmsDB
20160113 01:56:55==idb:wmsDB
20160113 01:56:55==odb:wmsDB
20160113 01:56:55==chooseDB:D:/application/GitHome/git/CrPro/WebContent/properites/makecode/wmsDB2wmsDB.INI
20160113 01:56:55==isRun:Y
20160113 01:56:55==Query From Table:wms.CUSTOMERS
20160113 01:56:55==Insert To Table:wms.CUSTOMERS2
20160113 01:56:55==fields mask Type C :'CUS_ENAME','CUS_NAME'
20160113 01:56:55==fields mask Type E :'CUS_CODE'
20160113 01:58:19===================EtlMaskCode Running ....=================
20160113 01:58:19==載入config.json ....
20160113 01:58:19==載入DBconnection.INI ....
20160113 01:58:19===============================================
20160113 01:58:19==sid:wmsDB2wmsDB
20160113 01:58:19==idb:wmsDB
20160113 01:58:19==odb:wmsDB
20160113 01:58:19==chooseDB:D:/application/GitHome/git/CrPro/WebContent/properites/makecode/wmsDB2wmsDB.INI
20160113 01:58:19==isRun:Y
20160113 01:58:19==Query From Table:wms.CUSTOMERS
20160113 01:58:19==Insert To Table:wms.CUSTOMERS2
20160113 01:58:19==fields mask Type C :'CUS_ENAME','CUS_NAME'
20160113 01:58:19==fields mask Type E :'CUS_CODE'
20160113 01:59:19===================EtlMaskCode Running ....=================
20160113 01:59:19==載入config.json ....
20160113 01:59:19==載入DBconnection.INI ....
20160113 01:59:19===============================================
20160113 01:59:19==sid:wmsDB2wmsDB
20160113 01:59:19==idb:wmsDB
20160113 01:59:19==odb:wmsDB
20160113 01:59:19==chooseDB:D:/application/GitHome/git/CrPro/WebContent/properites/makecode/wmsDB2wmsDB.INI
20160113 01:59:19==isRun:Y
20160113 01:59:19==Query From Table:wms.CUSTOMERS
20160113 01:59:19==Insert To Table:wms.CUSTOMERS2
20160113 01:59:19==fields mask Type C :'CUS_ENAME','CUS_NAME'
20160113 01:59:19==fields mask Type E :'CUS_CODE'
20160113 02:00:28===================EtlMaskCode Running ....=================
20160113 02:00:28==載入config.json ....
20160113 02:00:28==載入DBconnection.INI ....
20160113 02:00:28===============================================
20160113 02:00:28==sid:wmsDB2wmsDB
20160113 02:00:28==idb:wmsDB
20160113 02:00:28==odb:wmsDB
20160113 02:00:29==chooseDB:D:/application/GitHome/git/CrPro/WebContent/properites/makecode/wmsDB2wmsDB.INI
20160113 02:00:29==isRun:Y
20160113 02:00:29==Query From Table:wms.CUSTOMERS
20160113 02:00:29==Insert To Table:wms.CUSTOMERS2
20160113 02:00:29==fields mask Type C :'CUS_ENAME','CUS_NAME'
20160113 02:00:29==fields mask Type E :'CUS_CODE'
20160113 02:02:00===================EtlMaskCode Running ....=================
20160113 02:02:00==載入config.json ....
20160113 02:02:00==載入DBconnection.INI ....
20160113 02:02:00===============================================
20160113 02:02:00==sid:wmsDB2wmsDB
20160113 02:02:00==idb:wmsDB
20160113 02:02:00==odb:wmsDB
20160113 02:02:00==chooseDB:D:/application/GitHome/git/CrPro/WebContent/properites/makecode/wmsDB2wmsDB.INI
20160113 02:02:00==isRun:Y
20160113 02:02:00==Query From Table:wms.CUSTOMERS
20160113 02:02:00==Insert To Table:wms.CUSTOMERS2
20160113 02:02:00==fields mask Type C :'CUS_ENAME','CUS_NAME'
20160113 02:02:00==fields mask Type E :'CUS_CODE'
20160113 02:02:00==sql: select * from wms.CUSTOMERS
20160113 02:02:01==wms.CUSTOMERS2's writting :5000
20160113 04:35:42===================EtlMaskCode Running ....=================
20160113 04:35:42==載入config.json ....
20160113 04:35:42==載入DBconnection.INI ....
20160113 04:35:42===============================================
20160113 04:35:42==sid:wmsDB2wmsDB
20160113 04:35:42==idb:wmsDB
20160113 04:35:42==odb:wmsDB
20160113 04:35:42==chooseDB:d:/application/GitHome/git/CrPro/WebContent/properites/makecode/wmsDB2wmsDB.INI
20160113 04:35:42==isRun:Y
20160113 04:35:42==Query From Table:wms.CUSTOMERS
20160113 04:35:42==Insert To Table:wms.CUSTOMERS2
20160113 04:35:42==fields mask Type C :'CUS_ENAME','CUS_NAME'
20160113 04:35:42==fields mask Type E :'CUS_CODE'
20160113 04:35:42==sql: select * from wms.CUSTOMERS
20160113 04:35:43==wms.CUSTOMERS2's writting :5000
20160113 04:35:44==wms.CUSTOMERS2's writting :10000
20160113 04:35:45==wms.CUSTOMERS2's writting :15000
20160113 04:35:45==wms.CUSTOMERS2's writting :20000
20160113 04:35:46==wms.CUSTOMERS2's writting :25000
20160113 04:35:47==wms.CUSTOMERS2's writting :30000
20160113 04:35:48==wms.CUSTOMERS2's writting :35000
20160113 04:35:48==wms.CUSTOMERS2's writting :40000
20160113 04:35:49==wms.CUSTOMERS2's writting :45000
20160113 04:35:50==wms.CUSTOMERS2's writting :50000
20160113 04:35:50==wms.CUSTOMERS2's writting :55000
20160113 04:35:51==wms.CUSTOMERS2's writting :60000
20160113 04:35:52==wms.CUSTOMERS2's writting :65000
20160113 04:35:52==wms.CUSTOMERS2's writting :70000
20160113 04:35:53==wms.CUSTOMERS2's writting :75000
20160113 04:35:54==wms.CUSTOMERS2's writting :80000
20160113 04:35:55==wms.CUSTOMERS2's writting :85000
20160113 04:35:55==wms.CUSTOMERS2's writting :90000
20160113 04:35:56==wms.CUSTOMERS2's writting :95000
20160113 04:35:57==wms.CUSTOMERS2's writting :100000
20160113 04:35:57==wms.CUSTOMERS2's writting :105000
20160113 04:35:58==wms.CUSTOMERS2's writting :110000
20160113 04:35:59==wms.CUSTOMERS2's writting :115000
20160113 04:36:00==wms.CUSTOMERS2's writting :120000
20160113 04:36:00==wms.CUSTOMERS2's writting :125000
20160113 04:36:01==wms.CUSTOMERS2's writting :130000
20160113 04:36:02==wms.CUSTOMERS2's writting :135000
20160113 04:36:02==wms.CUSTOMERS2's writting :140000
20160113 04:36:03==wms.CUSTOMERS2's writting :145000
20160113 04:36:04==wms.CUSTOMERS2's writting :150000
20160113 04:36:05==wms.CUSTOMERS2's writting :155000
20160113 04:36:05==wms.CUSTOMERS2's writting :160000
20160113 04:36:06==wms.CUSTOMERS2's writting :165000
20160113 04:36:07==wms.CUSTOMERS2's writting :170000
20160113 04:36:07==wms.CUSTOMERS2's writting :175000
20160113 04:36:08==wms.CUSTOMERS2's writting :180000
20160113 04:36:09==wms.CUSTOMERS2's writting :185000
20160113 04:36:09==wms.CUSTOMERS2's writting :190000
20160113 04:36:10==wms.CUSTOMERS2's writting :195000
20160113 04:36:11==wms.CUSTOMERS2's writting :200000
20160113 04:36:12==wms.CUSTOMERS2's writting :205000
20160113 04:36:13==wms.CUSTOMERS2's writting :210000
20160113 04:36:15==wms.CUSTOMERS2's writting :215000
20160113 04:36:17==wms.CUSTOMERS2's writting :220000
20160113 04:36:19==wms.CUSTOMERS2's writting :225000
20160113 04:36:20==wms.CUSTOMERS2's writting :230000
20160113 04:36:21==wms.CUSTOMERS2's writting :235000
20160113 04:36:21==wms.CUSTOMERS2's writting :240000
20160113 04:36:22==wms.CUSTOMERS2's writting :245000
20160113 04:36:23==wms.CUSTOMERS2's writting :250000
20160113 04:36:24==wms.CUSTOMERS2's writting :255000
20160113 04:36:24==wms.CUSTOMERS2's writting :260000
20160113 04:36:25==wms.CUSTOMERS2's writting :265000
20160113 04:36:26==wms.CUSTOMERS2's writting :270000
20160113 04:36:26==wms.CUSTOMERS2's writting :275000
20160113 04:36:27==wms.CUSTOMERS2's writting :280000
20160113 04:36:28==wms.CUSTOMERS2's writting :285000
20160113 04:36:29==wms.CUSTOMERS2's writting :290000
20160113 04:36:29==wms.CUSTOMERS2's writting :295000
20160113 04:36:30==wms.CUSTOMERS2's writting :300000
20160113 04:36:31==wms.CUSTOMERS2's writting :305000
20160113 04:36:31==wms.CUSTOMERS2's writting :310000
20160113 04:36:32==wms.CUSTOMERS2's writting :315000
20160113 04:36:33==wms.CUSTOMERS2's writting :320000
20160113 04:36:34==wms.CUSTOMERS2's writting :325000
20160113 04:36:34==wms.CUSTOMERS2's writting :330000
20160113 04:36:35==wms.CUSTOMERS2's writting :335000
20160113 04:36:36==wms.CUSTOMERS2's writting :340000
20160113 04:36:37==wms.CUSTOMERS2's writting :345000
20160113 04:36:37==wms.CUSTOMERS2's writting :350000
20160113 04:36:38==wms.CUSTOMERS2's writting :355000
20160113 04:36:39==wms.CUSTOMERS2's writting :360000
20160113 04:36:39==wms.CUSTOMERS2's writting :365000
20160113 04:36:40==wms.CUSTOMERS2's writting :370000
20160113 04:36:41==wms.CUSTOMERS2's writting :375000
20160113 04:36:42==wms.CUSTOMERS2's writting :380000
20160113 04:36:42==wms.CUSTOMERS2's writting :385000
20160113 04:36:43==wms.CUSTOMERS2's writting :390000
20160113 04:36:44==wms.CUSTOMERS2's writting :395000
20160113 04:36:45==wms.CUSTOMERS2's writting :400000
20160113 04:36:45==wms.CUSTOMERS2's writting :405000
20160113 04:36:46==wms.CUSTOMERS2's writting :410000
20160113 04:36:47==wms.CUSTOMERS2's writting :415000
20160113 04:36:47==wms.CUSTOMERS2's writting :420000
20160113 04:36:48==wms.CUSTOMERS2's writting :425000
20160113 04:36:49==wms.CUSTOMERS2's writting :430000
20160113 04:36:50==wms.CUSTOMERS2's writting :435000
20160113 04:36:50==wms.CUSTOMERS2's writting :440000
20160113 04:36:51==wms.CUSTOMERS2's writting :445000
20160113 04:36:52==wms.CUSTOMERS2's writting :450000
20160113 04:36:52==wms.CUSTOMERS2's writting :455000
20160113 04:36:53==wms.CUSTOMERS2's writting :460000
20160113 04:36:54==wms.CUSTOMERS2's writting :465000
20160113 04:36:54==wms.CUSTOMERS2's writting :470000
20160113 04:36:55==wms.CUSTOMERS2's writting :475000
20160113 04:36:56==wms.CUSTOMERS2's writting :480000
20160113 04:36:57==wms.CUSTOMERS2's writting :485000
20160113 04:36:57==wms.CUSTOMERS2's writting :490000
20160113 04:36:58==wms.CUSTOMERS2's writting :495000
20160113 04:36:59==wms.CUSTOMERS2's writting :500000
20160113 04:36:59==wms.CUSTOMERS2's writting :505000
20160113 04:37:00==wms.CUSTOMERS2's writting :510000
20160113 04:37:01==wms.CUSTOMERS2's writting :515000
20160113 04:37:01==wms.CUSTOMERS2's writting :520000
20160113 04:37:02==wms.CUSTOMERS2's writting :525000
20160113 04:37:03==wms.CUSTOMERS2's writting :530000
20160113 04:37:04==wms.CUSTOMERS2's writting :535000
20160113 04:37:04==wms.CUSTOMERS2's writting :540000
20160113 04:37:05==wms.CUSTOMERS2's writting :545000
20160113 04:37:06==wms.CUSTOMERS2's writting :550000
20160113 04:37:07==wms.CUSTOMERS2's writting :555000
20160113 04:37:07==wms.CUSTOMERS2's writting :560000
20160113 04:37:08==wms.CUSTOMERS2's writting :565000
20160113 04:37:09==wms.CUSTOMERS2's writting :570000
20160113 04:37:10==wms.CUSTOMERS2's writting :575000
20160113 04:37:10==wms.CUSTOMERS2's writting :580000
20160113 04:37:11==wms.CUSTOMERS2's writting :585000
20160113 04:37:12==wms.CUSTOMERS2's writting :590000
20160113 04:37:12==wms.CUSTOMERS2's writting :595000
20160113 04:37:13==wms.CUSTOMERS2's writting :600000
20160113 04:37:14==wms.CUSTOMERS2's writting :605000
20160113 04:37:14==wms.CUSTOMERS2's writting :610000
20160113 04:37:15==wms.CUSTOMERS2's writting :615000
20160113 04:37:16==wms.CUSTOMERS2's writting :620000
20160113 04:37:17==wms.CUSTOMERS2's writting :625000
20160113 04:37:17==wms.CUSTOMERS2's writting :630000
20160113 04:37:18==wms.CUSTOMERS2's writting :635000
20160113 04:37:19==wms.CUSTOMERS2's writting :640000
20160113 04:37:19==wms.CUSTOMERS2's writting :645000
20160113 04:37:20==wms.CUSTOMERS2's writting :650000
20160113 04:37:21==wms.CUSTOMERS2's writting :655000
20160113 04:37:22==wms.CUSTOMERS2's writting :660000
20160113 04:37:22==wms.CUSTOMERS2's writting :665000
20160113 04:37:23==wms.CUSTOMERS2's writting :670000
20160113 04:37:24==wms.CUSTOMERS2's writting :675000
20160113 04:37:24==wms.CUSTOMERS2's writting :680000
20160113 04:37:25==wms.CUSTOMERS2's writting :685000
20160113 04:37:26==wms.CUSTOMERS2's writting :690000
20160113 04:37:27==wms.CUSTOMERS2's writting :695000
20160113 04:37:27==wms.CUSTOMERS2's writting :700000
20160113 04:37:28==wms.CUSTOMERS2's writting :705000
20160113 04:37:29==wms.CUSTOMERS2's writting :710000
20160113 04:37:29==wms.CUSTOMERS2's writting :715000
20160113 04:37:30==wms.CUSTOMERS2's writting :720000
20160113 04:37:31==wms.CUSTOMERS2's writting :725000
20160113 04:37:32==wms.CUSTOMERS2's writting :730000
20160113 04:37:32==wms.CUSTOMERS2's writting :735000
20160113 04:37:33==wms.CUSTOMERS2's writting :740000
20160113 04:37:34==wms.CUSTOMERS2's writting :745000
20160113 04:37:34==wms.CUSTOMERS2's writting :750000
20160113 04:37:35==wms.CUSTOMERS2's writting :755000
20160113 04:37:36==wms.CUSTOMERS2's writting :760000
20160113 04:37:37==wms.CUSTOMERS2's writting :765000
20160113 04:37:37==wms.CUSTOMERS2's writting :770000
20160113 04:37:38==wms.CUSTOMERS2's writting :775000
20160113 04:37:39==wms.CUSTOMERS2's writting :780000
20160113 04:37:39==wms.CUSTOMERS2's writting :785000
20160113 04:37:40==wms.CUSTOMERS2's writting :790000
20160113 04:37:41==wms.CUSTOMERS2's writting :795000
20160113 04:37:42==wms.CUSTOMERS2's writting :800000
20160113 04:37:42==wms.CUSTOMERS2's writting :805000
20160113 04:37:43==wms.CUSTOMERS2's writting :810000
20160113 04:37:44==wms.CUSTOMERS2's writting :815000
20160113 04:37:44==wms.CUSTOMERS2's writting :820000
20160113 04:37:45==wms.CUSTOMERS2's writting :825000
20160113 04:37:46==wms.CUSTOMERS2's writting :830000
20160113 04:37:46==wms.CUSTOMERS2's writting :835000
20160113 04:37:47==wms.CUSTOMERS2's writting :840000
20160113 04:37:48==wms.CUSTOMERS2's writting :845000
20160113 04:37:49==wms.CUSTOMERS2's writting :850000
20160113 04:37:49==wms.CUSTOMERS2's writting :855000
20160113 04:37:50==wms.CUSTOMERS2's writting :860000
20160113 04:37:51==wms.CUSTOMERS2's writting :865000
20160113 04:37:51==wms.CUSTOMERS2's writting :870000
20160113 04:37:52==wms.CUSTOMERS2's writting :875000
20160113 04:37:53==wms.CUSTOMERS2's writting :880000
20160113 04:37:53==wms.CUSTOMERS2's writting :885000
20160113 04:37:54==wms.CUSTOMERS2's writting :890000
20160113 04:37:55==wms.CUSTOMERS2's writting :895000
20160113 04:37:56==wms.CUSTOMERS2's writting :900000
20160113 04:37:57==wms.CUSTOMERS2's writting :905000
20160113 04:37:57==wms.CUSTOMERS2's writting :910000
20160113 04:37:58==wms.CUSTOMERS2's writting :915000
20160113 04:37:59==wms.CUSTOMERS2's writting :920000
20160113 04:37:59==wms.CUSTOMERS2's writting :925000
20160113 04:38:00==wms.CUSTOMERS2's writting :930000
20160113 04:38:01==wms.CUSTOMERS2's writting :935000
20160113 04:38:02==wms.CUSTOMERS2's writting :940000
20160113 04:38:02==wms.CUSTOMERS2's writting :945000
20160113 04:38:03==wms.CUSTOMERS2's writting :950000
20160113 04:38:04==wms.CUSTOMERS2's writting :955000
20160113 04:38:04==wms.CUSTOMERS2's writting :960000
20160113 04:38:05==wms.CUSTOMERS2's writting :965000
20160113 04:38:06==wms.CUSTOMERS2's writting :970000
20160113 04:38:06==wms.CUSTOMERS2's writting :975000
20160113 04:38:07==wms.CUSTOMERS2's writting :980000
20160113 04:38:08==wms.CUSTOMERS2's writting :985000
20160113 04:38:09==wms.CUSTOMERS2's writting :990000
20160113 04:38:09==wms.CUSTOMERS2's writting :995000
20160113 04:38:10==wms.CUSTOMERS2's writting :1000000
20160113 04:38:11==wms.CUSTOMERS2's writting :1005000
20160113 04:38:12==wms.CUSTOMERS2's writting :1010000
20160113 04:38:12==wms.CUSTOMERS2's writting :1015000
20160113 04:38:13==wms.CUSTOMERS2's writting :1020000
20160113 04:38:14==wms.CUSTOMERS2's writting :1025000
20160113 04:38:14==wms.CUSTOMERS2's writting :1030000
20160113 04:38:15==wms.CUSTOMERS2's writting :1035000
20160113 04:38:16==wms.CUSTOMERS2's writting :1040000
20160113 04:38:17==wms.CUSTOMERS2's writting :1045000
20160113 04:38:17==wms.CUSTOMERS2's writting :1050000
20160113 04:38:18==wms.CUSTOMERS2's writting :1055000
20160113 04:38:19==wms.CUSTOMERS2's writting :1060000
20160113 04:38:19==wms.CUSTOMERS2's writting :1065000
20160113 04:38:20==wms.CUSTOMERS2's writting :1070000
20160113 04:38:21==wms.CUSTOMERS2's writting :1075000
20160113 04:38:22==wms.CUSTOMERS2's writting :1080000
20160113 04:38:22==wms.CUSTOMERS2's writting :1085000
20160113 04:38:23==wms.CUSTOMERS2's writting :1090000
20160113 04:38:24==wms.CUSTOMERS2's writting :1095000
20160113 04:38:24==wms.CUSTOMERS2's writting :1100000
20160113 04:38:25==wms.CUSTOMERS2's writting :1105000
20160113 04:38:26==wms.CUSTOMERS2's writting :1110000
20160113 04:38:26==wms.CUSTOMERS2's writting :1115000
20160113 04:38:27==wms.CUSTOMERS2's writting :1120000
20160113 04:38:28==wms.CUSTOMERS2's writting :1125000
20160113 04:38:29==wms.CUSTOMERS2's writting :1130000
20160113 04:38:29==wms.CUSTOMERS2's writting :1135000
20160113 04:38:30==wms.CUSTOMERS2's writting :1140000
20160113 04:38:31==wms.CUSTOMERS2's writting :1145000
20160113 04:38:31==wms.CUSTOMERS2's writting :1150000
20160113 04:38:32==wms.CUSTOMERS2's writting :1155000
20160113 04:38:33==wms.CUSTOMERS2's writting :1160000
20160113 04:38:33==wms.CUSTOMERS2's writting :1165000
20160113 04:38:34==wms.CUSTOMERS2's writting :1170000
20160113 04:38:35==wms.CUSTOMERS2's writting :1175000
20160113 04:38:36==wms.CUSTOMERS2's writting :1180000
20160113 04:38:36==wms.CUSTOMERS2's writting :1185000
20160113 04:38:37==wms.CUSTOMERS2's writting :1190000
20160113 04:38:38==wms.CUSTOMERS2's writting :1195000
20160113 04:38:38==wms.CUSTOMERS2's writting :1200000
20160113 04:38:39==wms.CUSTOMERS2's writting :1205000
20160113 04:38:40==wms.CUSTOMERS2's writting :1210000
20160113 04:38:40==wms.CUSTOMERS2's writting :1215000
20160113 04:38:41==wms.CUSTOMERS2's writting :1220000
20160113 04:38:42==wms.CUSTOMERS2's writting :1225000
20160113 04:38:42==wms.CUSTOMERS2's writting :1230000
20160113 04:38:43==wms.CUSTOMERS2's writting :1235000
20160113 04:38:44==wms.CUSTOMERS2's writting :1240000
20160113 04:38:45==wms.CUSTOMERS2's writting :1245000
20160113 04:38:45==wms.CUSTOMERS2's writting :1250000
20160113 04:38:46==wms.CUSTOMERS2's writting :1255000
20160113 04:38:47==wms.CUSTOMERS2's writting :1260000
20160113 04:38:47==wms.CUSTOMERS2's writting :1265000
20160113 04:38:48==wms.CUSTOMERS2's writting :1270000
20160113 04:38:49==wms.CUSTOMERS2's writting :1275000
20160113 04:38:49==wms.CUSTOMERS2's writting :1280000
20160113 04:38:50==wms.CUSTOMERS2's writting :1285000
20160113 04:38:51==wms.CUSTOMERS2's writting :1290000
20160113 04:38:51==wms.CUSTOMERS2's writting :1295000
20160113 04:38:52==wms.CUSTOMERS2's writting :1300000
20160113 04:38:53==wms.CUSTOMERS2's writting :1305000
20160113 04:38:53==wms.CUSTOMERS2's writting :1310000
20160113 04:38:54==wms.CUSTOMERS2's writting :1315000
20160113 04:38:55==wms.CUSTOMERS2's writting :1320000
20160113 04:38:56==wms.CUSTOMERS2's writting :1325000
20160113 04:38:56==wms.CUSTOMERS2's writting :1330000
20160113 04:38:57==wms.CUSTOMERS2's writting :1335000
20160113 04:38:58==wms.CUSTOMERS2's writting :1340000
20160113 04:38:58==wms.CUSTOMERS2's writting :1345000
20160113 04:38:59==wms.CUSTOMERS2's writting :1350000
20160113 04:39:00==wms.CUSTOMERS2's writting :1355000
20160113 04:39:00==wms.CUSTOMERS2's writting :1360000
20160113 04:39:01==wms.CUSTOMERS2's writting :1365000
20160113 04:39:02==wms.CUSTOMERS2's writting :1370000
20160113 04:39:02==wms.CUSTOMERS2's writting :1375000
20160113 04:39:03==wms.CUSTOMERS2's writting :1380000
20160113 04:39:04==wms.CUSTOMERS2's writting :1385000
20160113 04:39:04==wms.CUSTOMERS2's writting :1390000
20160113 04:39:05==wms.CUSTOMERS2's writting :1395000
20160113 04:39:06==wms.CUSTOMERS2's writting :1400000
20160113 04:39:07==wms.CUSTOMERS2's writting :1405000
20160113 04:39:07==wms.CUSTOMERS2's writting :1410000
20160113 04:39:08==wms.CUSTOMERS2's writting :1415000
20160113 04:39:09==wms.CUSTOMERS2's writting :1420000
20160113 04:39:09==wms.CUSTOMERS2's writting :1425000
20160113 04:39:10==wms.CUSTOMERS2's writting :1430000
20160113 04:39:11==wms.CUSTOMERS2's writting :1435000
20160113 04:39:11==wms.CUSTOMERS2's writting :1440000
20160113 04:39:12==wms.CUSTOMERS2's writting :1445000
20160113 04:39:13==wms.CUSTOMERS2's writting :1450000
20160113 04:39:14==wms.CUSTOMERS2's writting :1455000
20160113 04:39:14==wms.CUSTOMERS2's writting :1460000
20160113 04:39:15==wms.CUSTOMERS2's writting :1465000
20160113 04:39:16==wms.CUSTOMERS2's writting :1470000
20160113 04:39:16==wms.CUSTOMERS2's writting :1475000
20160113 04:39:17==wms.CUSTOMERS2's writting :1480000
20160113 04:39:18==wms.CUSTOMERS2's writting :1485000
20160113 04:39:18==wms.CUSTOMERS2's writting :1490000
20160113 04:39:19==wms.CUSTOMERS2's writting :1495000
20160113 04:39:20==wms.CUSTOMERS2's writting :1500000
20160113 04:39:20==wms.CUSTOMERS2's writting :1505000
20160113 04:39:21==wms.CUSTOMERS2's writting :1510000
20160113 04:39:22==wms.CUSTOMERS2's writting :1515000
20160113 04:39:22==wms.CUSTOMERS2's writting :1520000
20160113 04:39:23==wms.CUSTOMERS2's writting :1525000
20160113 04:39:24==wms.CUSTOMERS2's writting :1530000
20160113 04:39:25==wms.CUSTOMERS2's writting :1535000
20160113 04:39:25==wms.CUSTOMERS2's writting :1540000
20160113 04:39:26==wms.CUSTOMERS2's writting :1545000
20160113 04:39:27==wms.CUSTOMERS2's writting :1550000
20160113 04:39:27==wms.CUSTOMERS2's writting :1555000
20160113 04:39:28==wms.CUSTOMERS2's writting :1560000
20160113 04:39:29==wms.CUSTOMERS2's writting :1565000
20160113 04:39:29==wms.CUSTOMERS2's writting :1570000
20160113 04:39:30==wms.CUSTOMERS2's writting :1575000
20160113 04:39:31==wms.CUSTOMERS2's writting :1580000
20160113 04:39:32==wms.CUSTOMERS2's writting :1585000
20160113 04:39:32==wms.CUSTOMERS2's writting :1590000
20160113 04:39:33==wms.CUSTOMERS2's writting :1595000
20160113 04:39:34==wms.CUSTOMERS2's writting :1600000
20160113 04:39:34==wms.CUSTOMERS2's writting :1605000
20160113 04:39:35==wms.CUSTOMERS2's writting :1610000
20160113 04:39:36==wms.CUSTOMERS2's writting :1615000
20160113 04:39:36==wms.CUSTOMERS2's writting :1620000
20160113 04:39:37==wms.CUSTOMERS2's writting :1625000
20160113 04:39:38==wms.CUSTOMERS2's writting :1630000
20160113 04:39:38==wms.CUSTOMERS2's writting :1635000
20160113 04:39:39==wms.CUSTOMERS2's writting :1640000
20160113 04:39:40==wms.CUSTOMERS2's writting :1645000
20160113 04:39:41==wms.CUSTOMERS2's writting :1650000
20160113 04:39:41==wms.CUSTOMERS2's writting :1655000
20160113 04:39:42==wms.CUSTOMERS2's writting :1660000
20160113 04:39:43==wms.CUSTOMERS2's writting :1665000
20160113 04:39:43==wms.CUSTOMERS2's writting :1670000
20160113 04:39:44==wms.CUSTOMERS2's writting :1675000
20160113 04:39:45==wms.CUSTOMERS2's writting :1680000
20160113 04:39:45==wms.CUSTOMERS2's writting :1685000
20160113 04:39:46==wms.CUSTOMERS2's writting :1690000
20160113 04:39:47==wms.CUSTOMERS2's writting :1695000
20160113 04:39:47==wms.CUSTOMERS2's writting :1700000
20160113 04:39:48==wms.CUSTOMERS2's writting :1705000
20160113 04:39:49==wms.CUSTOMERS2's writting :1710000
20160113 04:39:50==wms.CUSTOMERS2's writting :1715000
20160113 04:39:50==wms.CUSTOMERS2's writting :1720000
20160113 04:39:51==wms.CUSTOMERS2's writting :1725000
20160113 04:39:52==wms.CUSTOMERS2's writting :1730000
20160113 04:39:52==wms.CUSTOMERS2's writting :1735000
20160113 04:39:53==wms.CUSTOMERS2's writting :1740000
20160113 04:39:54==wms.CUSTOMERS2's writting :1745000
20160113 04:39:54==wms.CUSTOMERS2's writting :1750000
20160113 04:39:55==wms.CUSTOMERS2's writting :1755000
20160113 04:39:56==wms.CUSTOMERS2's writting :1760000
20160113 04:39:57==wms.CUSTOMERS2's writting :1765000
20160113 04:39:57==wms.CUSTOMERS2's writting :1770000
20160113 04:39:58==wms.CUSTOMERS2's writting :1775000
20160113 04:39:59==wms.CUSTOMERS2's writting :1780000
20160113 04:39:59==wms.CUSTOMERS2's writting :1785000
20160113 04:40:00==wms.CUSTOMERS2's writting :1790000
20160113 04:40:01==wms.CUSTOMERS2's writting :1795000
20160113 04:40:01==wms.CUSTOMERS2's writting :1800000
20160113 04:40:02==wms.CUSTOMERS2's writting :1805000
20160113 04:40:03==wms.CUSTOMERS2's writting :1810000
20160113 04:40:04==wms.CUSTOMERS2's writting :1815000
20160113 04:40:04==wms.CUSTOMERS2's writting :1820000
20160113 04:40:05==wms.CUSTOMERS2's writting :1825000
20160113 04:40:06==wms.CUSTOMERS2's writting :1830000
20160113 04:40:07==wms.CUSTOMERS2's writting :1835000
20160113 04:40:07==wms.CUSTOMERS2's writting :1840000
20160113 04:40:08==wms.CUSTOMERS2's writting :1845000
20160113 04:40:09==wms.CUSTOMERS2's writting :1850000
20160113 04:40:10==wms.CUSTOMERS2's writting :1855000
20160113 04:40:10==wms.CUSTOMERS2's writting :1860000
20160113 04:40:11==wms.CUSTOMERS2's writting :1865000
20160113 04:40:12==wms.CUSTOMERS2's writting :1870000
20160113 04:40:12==wms.CUSTOMERS2's writting :1875000
20160113 04:40:13==wms.CUSTOMERS2's writting :1880000
20160113 04:40:14==wms.CUSTOMERS2's writting :1885000
20160113 04:40:14==wms.CUSTOMERS2's writting :1890000
20160113 04:40:15==wms.CUSTOMERS2's writting :1895000
20160113 04:40:16==wms.CUSTOMERS2's writting :1900000
20160113 04:40:16==wms.CUSTOMERS2's writting :1905000
20160113 04:40:17==wms.CUSTOMERS2's writting :1910000
20160113 04:40:18==wms.CUSTOMERS2's writting :1915000
20160113 04:40:19==wms.CUSTOMERS2's writting :1920000
20160113 04:40:19==wms.CUSTOMERS2's writting :1925000
20160113 04:40:20==wms.CUSTOMERS2's writting :1930000
20160113 04:40:21==wms.CUSTOMERS2's writting :1935000
20160113 04:40:21==wms.CUSTOMERS2's writting :1940000
20160113 04:40:22==wms.CUSTOMERS2's writting :1945000
20160113 04:40:23==wms.CUSTOMERS2's writting :1950000
20160113 04:40:23==wms.CUSTOMERS2's writting :1955000
20160113 04:40:24==wms.CUSTOMERS2's writting :1960000
20160113 04:40:25==wms.CUSTOMERS2's writting :1965000
20160113 04:40:26==wms.CUSTOMERS2's writting :1970000
20160113 04:40:27==wms.CUSTOMERS2's writting :1975000
20160113 04:40:27==wms.CUSTOMERS2's writting :1980000
20160113 04:40:28==wms.CUSTOMERS2's writting :1985000
20160113 04:40:29==wms.CUSTOMERS2's writting :1990000
20160113 04:40:29==wms.CUSTOMERS2's writting :1995000
20160113 04:40:30==wms.CUSTOMERS2's writting :2000000
20160113 04:40:31==wms.CUSTOMERS2's writting :2005000
20160113 04:40:31==wms.CUSTOMERS2's writting :2010000
20160113 04:40:32==wms.CUSTOMERS2's writting :2015000
20160113 04:40:33==wms.CUSTOMERS2's writting :2020000
20160113 04:40:33==wms.CUSTOMERS2's writting :2025000
20160113 04:40:34==wms.CUSTOMERS2's writting :2030000
20160113 04:40:35==wms.CUSTOMERS2's writting :2035000
20160113 04:40:36==wms.CUSTOMERS2's writting :2040000
20160113 04:40:36==wms.CUSTOMERS2's writting :2045000
20160113 04:40:37==wms.CUSTOMERS2's writting :2050000
20160113 04:40:38==wms.CUSTOMERS2's writting :2055000
20160113 04:40:38==wms.CUSTOMERS2's writting :2060000
20160113 04:40:39==wms.CUSTOMERS2's writting :2065000
20160113 04:40:40==wms.CUSTOMERS2's writting :2070000
20160113 04:40:41==wms.CUSTOMERS2's writting :2075000
20160113 04:40:41==wms.CUSTOMERS2's writting :2080000
20160113 04:40:42==wms.CUSTOMERS2's writting :2085000
20160113 04:40:43==wms.CUSTOMERS2's writting :2090000
20160113 04:40:43==wms.CUSTOMERS2's writting :2095000
20160113 04:40:44==wms.CUSTOMERS2's writting :2100000
20160113 04:40:45==wms.CUSTOMERS2's writting :2105000
20160113 04:40:46==wms.CUSTOMERS2's writting :2110000
20160113 04:40:46==wms.CUSTOMERS2's writting :2115000
20160113 04:40:47==wms.CUSTOMERS2's writting :2120000
20160113 04:40:48==wms.CUSTOMERS2's writting :2125000
20160113 04:40:48==wms.CUSTOMERS2's writting :2130000
20160113 04:40:49==wms.CUSTOMERS2's writting :2135000
20160113 04:40:50==wms.CUSTOMERS2's writting :2140000
20160113 04:40:50==wms.CUSTOMERS2's writting :2145000
20160113 04:40:51==wms.CUSTOMERS2's writting :2150000
20160113 04:40:52==wms.CUSTOMERS2's writting :2155000
20160113 04:40:52==wms.CUSTOMERS2's writting :2160000
20160113 04:40:53==wms.CUSTOMERS2's writting :2165000
20160113 04:40:54==wms.CUSTOMERS2's writting :2170000
20160113 04:40:54==wms.CUSTOMERS2's writting :2175000
20160113 04:40:55==wms.CUSTOMERS2's writting :2180000
20160113 04:40:56==wms.CUSTOMERS2's writting :2185000
20160113 04:40:57==wms.CUSTOMERS2's writting :2190000
20160113 04:40:57==wms.CUSTOMERS2's writting :2195000
20160113 04:40:58==wms.CUSTOMERS2's writting :2200000
20160113 04:40:59==wms.CUSTOMERS2's writting :2205000
20160113 04:40:59==wms.CUSTOMERS2's writting :2210000
20160113 04:41:00==wms.CUSTOMERS2's writting :2215000
20160113 04:41:01==wms.CUSTOMERS2's writting :2220000
20160113 04:41:01==wms.CUSTOMERS2's writting :2225000
20160113 04:41:02==wms.CUSTOMERS2's writting :2230000
20160113 04:41:03==wms.CUSTOMERS2's writting :2235000
20160113 04:41:04==wms.CUSTOMERS2's writting :2240000
20160113 04:41:04==wms.CUSTOMERS2's writting :2245000
20160113 04:41:05==wms.CUSTOMERS2's writting :2250000
20160113 04:41:06==wms.CUSTOMERS2's writting :2255000
20160113 04:41:06==wms.CUSTOMERS2's writting :2260000
20160113 04:41:07==wms.CUSTOMERS2's writting :2265000
20160113 04:41:08==wms.CUSTOMERS2's writting :2270000
20160113 04:41:08==wms.CUSTOMERS2's writting :2275000
20160113 04:41:09==wms.CUSTOMERS2's writting :2280000
20160113 04:41:10==wms.CUSTOMERS2's writting :2285000
20160113 04:41:10==wms.CUSTOMERS2's writting :2290000
20160113 04:41:11==wms.CUSTOMERS2's writting :2295000
20160113 04:41:12==wms.CUSTOMERS2's writting :2300000
20160113 04:41:13==wms.CUSTOMERS2's writting :2305000
20160113 04:41:13==wms.CUSTOMERS2's writting :2310000
20160113 04:41:14==wms.CUSTOMERS2's writting :2315000
20160113 04:41:15==wms.CUSTOMERS2's writting :2320000
20160113 04:41:15==wms.CUSTOMERS2's writting :2325000
20160113 04:41:16==wms.CUSTOMERS2's writting :2330000
20160113 04:41:17==wms.CUSTOMERS2's writting :2335000
20160113 04:41:17==wms.CUSTOMERS2's writting :2340000
20160113 04:41:18==wms.CUSTOMERS2's writting :2347286
20160113 04:41:18==wms.CUSTOMERS 轉檔至 wms.CUSTOMERS2 結束
